# ELBREAD: Elaboration process.
# ELBREAD: Elaboration time 0.1 [s].
# Error: missing close-brace
asim -O5 +access +r +m+registr_p registr_p registr_p
# Error: missing close-brace
# ELBREAD: Elaboration process.
# ELBREAD: Elaboration time 0.3 [s].
# asim: Stack memory: 32MB
# asim: Retval memory: 32MB
# KERNEL: Main thread initiated.
# KERNEL: Kernel process initialization phase.
# KERNEL: Time resolution set to 1ps.
# ELAB2: Elaboration final pass...
# ELAB2: Create instances ...
# ELAB2: Create instances complete.
# SLP: Started
# SLP: Elaboration phase ...
# SLP: Elaboration phase ... skipped, nothing to simulate in SLP mode : 0.0 [s]
# SLP: Finished : 0.0 [s]
# ELAB2: Elaboration final pass complete - time: 0.2 [s].
# KERNEL: Kernel process initialization done.
# Allocation: Simulator allocated 5748 kB (elbread=1023 elab2=4634 kernel=90 sdf=0)
# KERNEL: ASDB file was created in location \\10.32.0.237\exchange\2341\Дербенская\LR_04\DLR_04\src\wave.asdb
#  12:21, понедельник 27 ноября 2017 г.
#  Simulation has been initialized
#  Selected Top-Level: registr_p (registr_p)
endsim
#  Simulation has been stopped
