Active-HDL 9.1.2353.4205  2017-11-27 12:21:57

Elaboration top modules:
Architecture                  registr_p(registr_p)


-------------------------------------------------------------------------------------------
Entity    | Architecture | Library | Info | Compiler Version         | Compilation Options
-------------------------------------------------------------------------------------------
registr_p | registr_p    | dlr_04  |      | 9.1.2353.4205  (Windows) | -O3
-------------------------------------------------------------------------------------------

-------------------------------------------------------------------------------------------
VHDL Package             | Library | Info | Compiler Version         | Compilation Options
-------------------------------------------------------------------------------------------
standard                 | std     |      |                          | <unavailable>
TEXTIO                   | std     |      | 9.1.2353.4205  (Windows) |  -2008
std_logic_1164           | ieee    |      | 9.1.2353.4205  (Windows) |  -2008
-------------------------------------------------------------------------------------------

-------------------------------------------------------------------------------------------
Library                  | Comment
-------------------------------------------------------------------------------------------
dlr_04                   | None
ieee                     | Standard IEEE packages library
std                      | Standard VHDL library
-------------------------------------------------------------------------------------------


Simulation Options: asim -O5 +access +r +m+registr_p registr_p registr_p

