Model {
  Name			  "untitled"
  Version		  7.7
  MdlSubVersion		  0
  GraphicalInterface {
    NumRootInports	    0
    NumRootOutports	    0
    ParameterArgumentNames  ""
    ComputedModelVersion    "1.9"
    NumModelReferences	    0
    NumTestPointedSignals   0
  }
  SavedCharacterEncoding  "windows-1251"
  slprops.hdlmdlprops {
    $PropName		    "HDLParams"
    $ObjectID		    1
    Array {
      Type		      "Cell"
      Dimension		      2
      Cell		      "HDLSubsystem"
      Cell		      "untitled"
      PropName		      "mdlProps"
    }
  }
  SaveDefaultBlockParams  on
  ScopeRefreshTime	  0.035000
  OverrideScopeRefreshTime on
  DisableAllScopes	  off
  DataTypeOverride	  "UseLocalSettings"
  DataTypeOverrideAppliesTo "AllNumericTypes"
  MinMaxOverflowLogging	  "UseLocalSettings"
  MinMaxOverflowArchiveMode "Overwrite"
  MaxMDLFileLineLength	  120
  Created		  "Tue Sep 29 14:29:03 2015"
  Creator		  "Brunhilda"
  UpdateHistory		  "UpdateHistoryNever"
  ModifiedByFormat	  "%<Auto>"
  LastModifiedBy	  "Àðò¸ì"
  ModifiedDateFormat	  "%<Auto>"
  LastModifiedDate	  "Mon May 15 12:36:05 2017"
  RTWModifiedTimeStamp	  416752460
  ModelVersionFormat	  "1.%<AutoIncrement:9>"
  ConfigurationManager	  "None"
  SampleTimeColors	  off
  SampleTimeAnnotations	  off
  LibraryLinkDisplay	  "none"
  WideLines		  off
  ShowLineDimensions	  off
  ShowPortDataTypes	  off
  ShowLoopsOnError	  on
  IgnoreBidirectionalLines off
  ShowStorageClass	  off
  ShowTestPointIcons	  on
  ShowSignalResolutionIcons on
  ShowViewerIcons	  on
  SortedOrder		  off
  ExecutionContextIcon	  off
  ShowLinearizationAnnotations on
  BlockNameDataTip	  off
  BlockParametersDataTip  off
  BlockDescriptionStringDataTip	off
  ToolBar		  on
  StatusBar		  on
  BrowserShowLibraryLinks off
  BrowserLookUnderMasks	  off
  SimulationMode	  "normal"
  LinearizationMsg	  "none"
  Profile		  off
  ParamWorkspaceSource	  "MATLABWorkspace"
  AccelSystemTargetFile	  "accel.tlc"
  AccelTemplateMakefile	  "accel_default_tmf"
  AccelMakeCommand	  "make_rtw"
  TryForcingSFcnDF	  off
  RecordCoverage	  off
  CovPath		  "/"
  CovSaveName		  "covdata"
  CovMetricSettings	  "dw"
  CovNameIncrementing	  off
  CovHtmlReporting	  on
  CovForceBlockReductionOff on
  covSaveCumulativeToWorkspaceVar on
  CovSaveSingleToWorkspaceVar on
  CovCumulativeVarName	  "covCumulativeData"
  CovCumulativeReport	  off
  CovReportOnPause	  on
  CovModelRefEnable	  "Off"
  CovExternalEMLEnable	  off
  ExtModeBatchMode	  off
  ExtModeEnableFloating	  on
  ExtModeTrigType	  "manual"
  ExtModeTrigMode	  "normal"
  ExtModeTrigPort	  "1"
  ExtModeTrigElement	  "any"
  ExtModeTrigDuration	  1000
  ExtModeTrigDurationFloating "auto"
  ExtModeTrigHoldOff	  0
  ExtModeTrigDelay	  0
  ExtModeTrigDirection	  "rising"
  ExtModeTrigLevel	  0
  ExtModeArchiveMode	  "off"
  ExtModeAutoIncOneShot	  off
  ExtModeIncDirWhenArm	  off
  ExtModeAddSuffixToVar	  off
  ExtModeWriteAllDataToWs off
  ExtModeArmWhenConnect	  on
  ExtModeSkipDownloadWhenConnect off
  ExtModeLogAll		  on
  ExtModeAutoUpdateStatusClock on
  BufferReuse		  on
  ShowModelReferenceBlockVersion off
  ShowModelReferenceBlockIO off
  Array {
    Type		    "Handle"
    Dimension		    1
    Simulink.ConfigSet {
      $ObjectID		      2
      Version		      "1.11.0"
      Array {
	Type			"Handle"
	Dimension		8
	Simulink.SolverCC {
	  $ObjectID		  3
	  Version		  "1.11.0"
	  StartTime		  "0.0"
	  StopTime		  "10"
	  AbsTol		  "auto"
	  FixedStep		  "0.001"
	  InitialStep		  "auto"
	  MaxNumMinSteps	  "-1"
	  MaxOrder		  5
	  ZcThreshold		  "auto"
	  ConsecutiveZCsStepRelTol "10*128*eps"
	  MaxConsecutiveZCs	  "1000"
	  ExtrapolationOrder	  4
	  NumberNewtonIterations  1
	  MaxStep		  "auto"
	  MinStep		  "auto"
	  MaxConsecutiveMinStep	  "1"
	  RelTol		  "1e-3"
	  SolverMode		  "Auto"
	  ConcurrentTasks	  off
	  Solver		  "ode45"
	  SolverName		  "ode45"
	  SolverJacobianMethodControl "auto"
	  ShapePreserveControl	  "DisableAll"
	  ZeroCrossControl	  "UseLocalSettings"
	  ZeroCrossAlgorithm	  "Nonadaptive"
	  AlgebraicLoopSolver	  "TrustRegion"
	  SolverResetMethod	  "Fast"
	  PositivePriorityOrder	  off
	  AutoInsertRateTranBlk	  off
	  SampleTimeConstraint	  "Unconstrained"
	  InsertRTBMode		  "Whenever possible"
	}
	Simulink.DataIOCC {
	  $ObjectID		  4
	  Version		  "1.11.0"
	  Decimation		  "1"
	  ExternalInput		  "[t, u]"
	  FinalStateName	  "xFinal"
	  InitialState		  "xInitial"
	  LimitDataPoints	  on
	  MaxDataPoints		  "1000"
	  LoadExternalInput	  off
	  LoadInitialState	  off
	  SaveFinalState	  off
	  SaveCompleteFinalSimState off
	  SaveFormat		  "Array"
	  SignalLoggingSaveFormat "ModelDataLogs"
	  SaveOutput		  on
	  SaveState		  off
	  SignalLogging		  on
	  DSMLogging		  on
	  InspectSignalLogs	  off
	  SaveTime		  on
	  ReturnWorkspaceOutputs  off
	  StateSaveName		  "xout"
	  TimeSaveName		  "tout"
	  OutputSaveName	  "yout"
	  SignalLoggingName	  "logsout"
	  DSMLoggingName	  "dsmout"
	  OutputOption		  "RefineOutputTimes"
	  OutputTimes		  "[]"
	  ReturnWorkspaceOutputsName "out"
	  Refine		  "1"
	}
	Simulink.OptimizationCC {
	  $ObjectID		  5
	  Version		  "1.11.0"
	  Array {
	    Type		    "Cell"
	    Dimension		    8
	    Cell		    "BooleansAsBitfields"
	    Cell		    "PassReuseOutputArgsAs"
	    Cell		    "PassReuseOutputArgsThreshold"
	    Cell		    "ZeroExternalMemoryAtStartup"
	    Cell		    "ZeroInternalMemoryAtStartup"
	    Cell		    "OptimizeModelRefInitCode"
	    Cell		    "NoFixptDivByZeroProtection"
	    Cell		    "UseSpecifiedMinMax"
	    PropName		    "DisabledProps"
	  }
	  BlockReduction	  on
	  BooleanDataType	  on
	  ConditionallyExecuteInputs on
	  InlineParams		  off
	  UseIntDivNetSlope	  off
	  UseSpecifiedMinMax	  off
	  InlineInvariantSignals  off
	  OptimizeBlockIOStorage  on
	  BufferReuse		  on
	  EnhancedBackFolding	  off
	  StrengthReduction	  off
	  ExpressionFolding	  on
	  BooleansAsBitfields	  off
	  BitfieldContainerType	  "uint_T"
	  EnableMemcpy		  on
	  MemcpyThreshold	  64
	  PassReuseOutputArgsAs	  "Structure reference"
	  ExpressionDepthLimit	  2147483647
	  FoldNonRolledExpr	  on
	  LocalBlockOutputs	  on
	  RollThreshold		  5
	  SystemCodeInlineAuto	  off
	  StateBitsets		  off
	  DataBitsets		  off
	  UseTempVars		  off
	  ZeroExternalMemoryAtStartup on
	  ZeroInternalMemoryAtStartup on
	  InitFltsAndDblsToZero	  off
	  NoFixptDivByZeroProtection off
	  EfficientFloat2IntCast  off
	  EfficientMapNaN2IntZero on
	  OptimizeModelRefInitCode off
	  LifeSpan		  "inf"
	  MaxStackSize		  "Inherit from target"
	  BufferReusableBoundary  on
	  SimCompilerOptimization "Off"
	  AccelVerboseBuild	  off
	  AccelParallelForEachSubsystem	on
	}
	Simulink.DebuggingCC {
	  $ObjectID		  6
	  Version		  "1.11.0"
	  RTPrefix		  "error"
	  ConsistencyChecking	  "none"
	  ArrayBoundsChecking	  "none"
	  SignalInfNanChecking	  "none"
	  SignalRangeChecking	  "none"
	  ReadBeforeWriteMsg	  "UseLocalSettings"
	  WriteAfterWriteMsg	  "UseLocalSettings"
	  WriteAfterReadMsg	  "UseLocalSettings"
	  AlgebraicLoopMsg	  "warning"
	  ArtificialAlgebraicLoopMsg "warning"
	  SaveWithDisabledLinksMsg "warning"
	  SaveWithParameterizedLinksMsg	"warning"
	  CheckSSInitialOutputMsg on
	  UnderspecifiedInitializationDetection	"Classic"
	  MergeDetectMultiDrivingBlocksExec "none"
	  CheckExecutionContextPreStartOutputMsg off
	  CheckExecutionContextRuntimeOutputMsg	off
	  SignalResolutionControl "UseLocalSettings"
	  BlockPriorityViolationMsg "warning"
	  MinStepSizeMsg	  "warning"
	  TimeAdjustmentMsg	  "none"
	  MaxConsecutiveZCsMsg	  "error"
	  MaskedZcDiagnostic	  "warning"
	  IgnoredZcDiagnostic	  "warning"
	  SolverPrmCheckMsg	  "warning"
	  InheritedTsInSrcMsg	  "warning"
	  DiscreteInheritContinuousMsg "warning"
	  MultiTaskDSMMsg	  "error"
	  MultiTaskCondExecSysMsg "error"
	  MultiTaskRateTransMsg	  "error"
	  SingleTaskRateTransMsg  "none"
	  TasksWithSamePriorityMsg "warning"
	  SigSpecEnsureSampleTimeMsg "warning"
	  CheckMatrixSingularityMsg "none"
	  IntegerOverflowMsg	  "warning"
	  Int32ToFloatConvMsg	  "warning"
	  ParameterDowncastMsg	  "error"
	  ParameterOverflowMsg	  "error"
	  ParameterUnderflowMsg	  "none"
	  ParameterPrecisionLossMsg "warning"
	  ParameterTunabilityLossMsg "warning"
	  FixptConstUnderflowMsg  "none"
	  FixptConstOverflowMsg	  "none"
	  FixptConstPrecisionLossMsg "none"
	  UnderSpecifiedDataTypeMsg "none"
	  UnnecessaryDatatypeConvMsg "none"
	  VectorMatrixConversionMsg "none"
	  InvalidFcnCallConnMsg	  "error"
	  FcnCallInpInsideContextMsg "Use local settings"
	  SignalLabelMismatchMsg  "none"
	  UnconnectedInputMsg	  "warning"
	  UnconnectedOutputMsg	  "warning"
	  UnconnectedLineMsg	  "warning"
	  SFcnCompatibilityMsg	  "none"
	  UniqueDataStoreMsg	  "none"
	  BusObjectLabelMismatch  "warning"
	  RootOutportRequireBusObject "warning"
	  AssertControl		  "UseLocalSettings"
	  EnableOverflowDetection off
	  ModelReferenceIOMsg	  "none"
	  ModelReferenceMultiInstanceNormalModeStructChecksumCheck "error"
	  ModelReferenceVersionMismatchMessage "none"
	  ModelReferenceIOMismatchMessage "none"
	  ModelReferenceCSMismatchMessage "none"
	  UnknownTsInhSupMsg	  "warning"
	  ModelReferenceDataLoggingMessage "warning"
	  ModelReferenceSymbolNameMessage "warning"
	  ModelReferenceExtraNoncontSigs "error"
	  StateNameClashWarn	  "warning"
	  SimStateInterfaceChecksumMismatchMsg "warning"
	  SimStateOlderReleaseMsg "error"
	  InitInArrayFormatMsg	  "warning"
	  StrictBusMsg		  "ErrorLevel1"
	  BusNameAdapt		  "WarnAndRepair"
	  NonBusSignalsTreatedAsBus "none"
	  LoggingUnavailableSignals "error"
	  BlockIODiagnostic	  "none"
	  SFUnusedDataAndEventsDiag "warning"
	  SFUnexpectedBacktrackingDiag "warning"
	  SFInvalidInputDataAccessInChartInitDiag "warning"
	  SFNoUnconditionalDefaultTransitionDiag "warning"
	  SFTransitionOutsideNaturalParentDiag "warning"
	}
	Simulink.HardwareCC {
	  $ObjectID		  7
	  Version		  "1.11.0"
	  ProdBitPerChar	  8
	  ProdBitPerShort	  16
	  ProdBitPerInt		  32
	  ProdBitPerLong	  32
	  ProdBitPerFloat	  32
	  ProdBitPerDouble	  64
	  ProdBitPerPointer	  32
	  ProdLargestAtomicInteger "Char"
	  ProdLargestAtomicFloat  "None"
	  ProdIntDivRoundTo	  "Undefined"
	  ProdEndianess		  "Unspecified"
	  ProdWordSize		  32
	  ProdShiftRightIntArith  on
	  ProdHWDeviceType	  "32-bit Generic"
	  TargetBitPerChar	  8
	  TargetBitPerShort	  16
	  TargetBitPerInt	  32
	  TargetBitPerLong	  32
	  TargetBitPerFloat	  32
	  TargetBitPerDouble	  64
	  TargetBitPerPointer	  32
	  TargetLargestAtomicInteger "Char"
	  TargetLargestAtomicFloat "None"
	  TargetShiftRightIntArith on
	  TargetIntDivRoundTo	  "Undefined"
	  TargetEndianess	  "Unspecified"
	  TargetWordSize	  32
	  TargetTypeEmulationWarnSuppressLevel 0
	  TargetPreprocMaxBitsSint 32
	  TargetPreprocMaxBitsUint 32
	  TargetHWDeviceType	  "Specified"
	  TargetUnknown		  off
	  ProdEqTarget		  on
	}
	Simulink.ModelReferenceCC {
	  $ObjectID		  8
	  Version		  "1.11.0"
	  UpdateModelReferenceTargets "IfOutOfDateOrStructuralChange"
	  CheckModelReferenceTargetMessage "error"
	  EnableParallelModelReferenceBuilds off
	  ParallelModelReferenceErrorOnInvalidPool on
	  ParallelModelReferenceMATLABWorkerInit "None"
	  ModelReferenceNumInstancesAllowed "Multi"
	  PropagateVarSize	  "Infer from blocks in model"
	  ModelReferencePassRootInputsByReference on
	  ModelReferenceMinAlgLoopOccurrences off
	  PropagateSignalLabelsOutOfModel off
	  SupportModelReferenceSimTargetCustomCode off
	}
	Simulink.SFSimCC {
	  $ObjectID		  9
	  Version		  "1.11.0"
	  SFSimEnableDebug	  on
	  SFSimOverflowDetection  on
	  SFSimEcho		  on
	  SimBlas		  on
	  SimCtrlC		  on
	  SimExtrinsic		  on
	  SimIntegrity		  on
	  SimUseLocalCustomCode	  off
	  SimParseCustomCode	  on
	  SimBuildMode		  "sf_incremental_build"
	}
	Simulink.RTWCC {
	  $BackupClass		  "Simulink.RTWCC"
	  $ObjectID		  10
	  Version		  "1.11.0"
	  Array {
	    Type		    "Cell"
	    Dimension		    7
	    Cell		    "IncludeHyperlinkInReport"
	    Cell		    "GenerateTraceInfo"
	    Cell		    "GenerateTraceReport"
	    Cell		    "GenerateTraceReportSl"
	    Cell		    "GenerateTraceReportSf"
	    Cell		    "GenerateTraceReportEml"
	    Cell		    "GenerateSLWebview"
	    PropName		    "DisabledProps"
	  }
	  SystemTargetFile	  "grt.tlc"
	  GenCodeOnly		  off
	  MakeCommand		  "make_rtw"
	  GenerateMakefile	  on
	  TemplateMakefile	  "grt_default_tmf"
	  GenerateReport	  off
	  SaveLog		  off
	  RTWVerbose		  on
	  RetainRTWFile		  off
	  ProfileTLC		  off
	  TLCDebug		  off
	  TLCCoverage		  off
	  TLCAssert		  off
	  ProcessScriptMode	  "Default"
	  ConfigurationMode	  "Optimized"
	  ConfigAtBuild		  off
	  RTWUseLocalCustomCode	  off
	  RTWUseSimCustomCode	  off
	  IncludeHyperlinkInReport off
	  LaunchReport		  off
	  TargetLang		  "C"
	  IncludeBusHierarchyInRTWFileBlockHierarchyMap	off
	  IncludeERTFirstTime	  off
	  GenerateTraceInfo	  off
	  GenerateTraceReport	  off
	  GenerateTraceReportSl	  off
	  GenerateTraceReportSf	  off
	  GenerateTraceReportEml  off
	  GenerateCodeInfo	  off
	  GenerateSLWebview	  off
	  GenerateCodeMetricsReport off
	  RTWCompilerOptimization "Off"
	  CheckMdlBeforeBuild	  "Off"
	  CustomRebuildMode	  "OnUpdate"
	  Array {
	    Type		    "Handle"
	    Dimension		    2
	    Simulink.CodeAppCC {
	      $ObjectID		      11
	      Version		      "1.11.0"
	      Array {
		Type			"Cell"
		Dimension		21
		Cell			"IgnoreCustomStorageClasses"
		Cell			"IgnoreTestpoints"
		Cell			"InsertBlockDesc"
		Cell			"InsertPolySpaceComments"
		Cell			"SFDataObjDesc"
		Cell			"MATLABFcnDesc"
		Cell			"SimulinkDataObjDesc"
		Cell			"DefineNamingRule"
		Cell			"SignalNamingRule"
		Cell			"ParamNamingRule"
		Cell			"InlinedPrmAccess"
		Cell			"CustomSymbolStr"
		Cell			"CustomSymbolStrGlobalVar"
		Cell			"CustomSymbolStrType"
		Cell			"CustomSymbolStrField"
		Cell			"CustomSymbolStrFcn"
		Cell			"CustomSymbolStrFcnArg"
		Cell			"CustomSymbolStrBlkIO"
		Cell			"CustomSymbolStrTmpVar"
		Cell			"CustomSymbolStrMacro"
		Cell			"ReqsInCode"
		PropName		"DisabledProps"
	      }
	      ForceParamTrailComments off
	      GenerateComments	      on
	      IgnoreCustomStorageClasses on
	      IgnoreTestpoints	      off
	      IncHierarchyInIds	      off
	      MaxIdLength	      31
	      PreserveName	      off
	      PreserveNameWithParent  off
	      ShowEliminatedStatement off
	      IncAutoGenComments      off
	      SimulinkDataObjDesc     off
	      SFDataObjDesc	      off
	      MATLABFcnDesc	      off
	      IncDataTypeInIds	      off
	      MangleLength	      1
	      CustomSymbolStrGlobalVar "$R$N$M"
	      CustomSymbolStrType     "$N$R$M"
	      CustomSymbolStrField    "$N$M"
	      CustomSymbolStrFcn      "$R$N$M$F"
	      CustomSymbolStrFcnArg   "rt$I$N$M"
	      CustomSymbolStrBlkIO    "rtb_$N$M"
	      CustomSymbolStrTmpVar   "$N$M"
	      CustomSymbolStrMacro    "$R$N$M"
	      DefineNamingRule	      "None"
	      ParamNamingRule	      "None"
	      SignalNamingRule	      "None"
	      InsertBlockDesc	      off
	      InsertPolySpaceComments off
	      SimulinkBlockComments   on
	      MATLABSourceComments    off
	      EnableCustomComments    off
	      InlinedPrmAccess	      "Literals"
	      ReqsInCode	      off
	      UseSimReservedNames     off
	    }
	    Simulink.GRTTargetCC {
	      $BackupClass	      "Simulink.TargetCC"
	      $ObjectID		      12
	      Version		      "1.11.0"
	      Array {
		Type			"Cell"
		Dimension		16
		Cell			"GeneratePreprocessorConditionals"
		Cell			"IncludeMdlTerminateFcn"
		Cell			"CombineOutputUpdateFcns"
		Cell			"SuppressErrorStatus"
		Cell			"ERTCustomFileBanners"
		Cell			"GenerateSampleERTMain"
		Cell			"GenerateTestInterfaces"
		Cell			"ModelStepFunctionPrototypeControlCompliant"
		Cell			"CPPClassGenCompliant"
		Cell			"MultiInstanceERTCode"
		Cell			"PurelyIntegerCode"
		Cell			"SupportComplex"
		Cell			"SupportAbsoluteTime"
		Cell			"SupportContinuousTime"
		Cell			"SupportNonInlinedSFcns"
		Cell			"PortableWordSizes"
		PropName		"DisabledProps"
	      }
	      TargetFcnLib	      "ansi_tfl_table_tmw.mat"
	      TargetLibSuffix	      ""
	      TargetPreCompLibLocation ""
	      TargetFunctionLibrary   "ANSI_C"
	      UtilityFuncGeneration   "Auto"
	      ERTMultiwordTypeDef     "System defined"
	      FunctionExecutionProfile off
	      CodeExecutionProfiling  off
	      ERTCodeCoverageTool     "None"
	      ERTMultiwordLength      256
	      MultiwordLength	      2048
	      GenerateFullHeader      on
	      GenerateSampleERTMain   off
	      GenerateTestInterfaces  off
	      IsPILTarget	      off
	      ModelReferenceCompliant on
	      ParMdlRefBuildCompliant on
	      CompOptLevelCompliant   on
	      IncludeMdlTerminateFcn  on
	      GeneratePreprocessorConditionals "Disable all"
	      CombineOutputUpdateFcns off
	      CombineSignalStateStructs	off
	      SuppressErrorStatus     off
	      ERTFirstTimeCompliant   off
	      IncludeFileDelimiter    "Auto"
	      ERTCustomFileBanners    off
	      SupportAbsoluteTime     on
	      LogVarNameModifier      "rt_"
	      MatFileLogging	      on
	      MultiInstanceERTCode    off
	      SupportNonFinite	      on
	      SupportComplex	      on
	      PurelyIntegerCode	      off
	      SupportContinuousTime   on
	      SupportNonInlinedSFcns  on
	      SupportVariableSizeSignals off
	      EnableShiftOperators    on
	      ParenthesesLevel	      "Nominal"
	      PortableWordSizes	      off
	      ModelStepFunctionPrototypeControlCompliant off
	      CPPClassGenCompliant    off
	      AutosarCompliant	      off
	      UseMalloc		      off
	      ExtMode		      off
	      ExtModeStaticAlloc      off
	      ExtModeTesting	      off
	      ExtModeStaticAllocSize  1000000
	      ExtModeTransport	      0
	      ExtModeMexFile	      "ext_comm"
	      ExtModeIntrfLevel	      "Level1"
	      RTWCAPISignals	      off
	      RTWCAPIParams	      off
	      RTWCAPIStates	      off
	      RTWCAPIRootIO	      off
	      GenerateASAP2	      off
	    }
	    PropName		    "Components"
	  }
	}
	PropName		"Components"
      }
      Name		      "Configuration"
      CurrentDlgPage	      "Solver"
      ConfigPrmDlgPosition     [ 243, 69, 1123, 699 ] 
    }
    PropName		    "ConfigurationSets"
  }
  Simulink.ConfigSet {
    $PropName		    "ActiveConfigurationSet"
    $ObjectID		    2
  }
  BlockDefaults {
    ForegroundColor	    "black"
    BackgroundColor	    "white"
    DropShadow		    off
    NamePlacement	    "normal"
    FontName		    "Helvetica"
    FontSize		    10
    FontWeight		    "normal"
    FontAngle		    "normal"
    ShowName		    on
    BlockRotation	    0
    BlockMirror		    off
  }
  AnnotationDefaults {
    HorizontalAlignment	    "center"
    VerticalAlignment	    "middle"
    ForegroundColor	    "black"
    BackgroundColor	    "white"
    DropShadow		    off
    FontName		    "Helvetica"
    FontSize		    10
    FontWeight		    "normal"
    FontAngle		    "normal"
    UseDisplayTextAsClickCallback off
  }
  LineDefaults {
    FontName		    "Helvetica"
    FontSize		    9
    FontWeight		    "normal"
    FontAngle		    "normal"
  }
  BlockParameterDefaults {
    Block {
      BlockType		      Constant
      Value		      "1"
      VectorParams1D	      on
      SamplingMode	      "Sample based"
      OutMin		      "[]"
      OutMax		      "[]"
      OutDataTypeStr	      "Inherit: Inherit from 'Constant value'"
      LockScale		      off
      SampleTime	      "inf"
      FramePeriod	      "inf"
      PreserveConstantTs      off
    }
    Block {
      BlockType		      Gain
      Gain		      "1"
      Multiplication	      "Element-wise(K.*u)"
      ParamMin		      "[]"
      ParamMax		      "[]"
      ParamDataTypeStr	      "Inherit: Same as input"
      OutMin		      "[]"
      OutMax		      "[]"
      OutDataTypeStr	      "Inherit: Same as input"
      LockScale		      off
      RndMeth		      "Floor"
      SaturateOnIntegerOverflow	on
      SampleTime	      "-1"
    }
    Block {
      BlockType		      Integrator
      ExternalReset	      "none"
      InitialConditionSource  "internal"
      InitialCondition	      "0"
      LimitOutput	      off
      UpperSaturationLimit    "inf"
      LowerSaturationLimit    "-inf"
      ShowSaturationPort      off
      ShowStatePort	      off
      AbsoluteTolerance	      "auto"
      IgnoreLimit	      off
      ZeroCross		      on
      ContinuousStateAttributes	"''"
    }
    Block {
      BlockType		      Mux
      Inputs		      "4"
      DisplayOption	      "none"
      UseBusObject	      off
      BusObject		      "BusObject"
      NonVirtualBus	      off
    }
    Block {
      BlockType		      Scope
      ModelBased	      off
      TickLabels	      "OneTimeTick"
      ZoomMode		      "on"
      Grid		      "on"
      TimeRange		      "auto"
      YMin		      "-5"
      YMax		      "5"
      SaveToWorkspace	      off
      SaveName		      "ScopeData"
      LimitDataPoints	      on
      MaxDataPoints	      "5000"
      Decimation	      "1"
      SampleInput	      off
      SampleTime	      "-1"
    }
    Block {
      BlockType		      Step
      Time		      "1"
      Before		      "0"
      After		      "1"
      SampleTime	      "-1"
      VectorParams1D	      on
      ZeroCross		      on
    }
    Block {
      BlockType		      Sum
      IconShape		      "rectangular"
      Inputs		      "++"
      CollapseMode	      "All dimensions"
      CollapseDim	      "1"
      InputSameDT	      on
      AccumDataTypeStr	      "Inherit: Inherit via internal rule"
      OutMin		      "[]"
      OutMax		      "[]"
      OutDataTypeStr	      "Inherit: Same as first input"
      LockScale		      off
      RndMeth		      "Floor"
      SaturateOnIntegerOverflow	on
      SampleTime	      "-1"
    }
    Block {
      BlockType		      TransferFcn
      Numerator		      "[1]"
      Denominator	      "[1 2 1]"
      AbsoluteTolerance	      "auto"
      ContinuousStateAttributes	"''"
      Realization	      "auto"
    }
  }
  System {
    Name		    "untitled"
    Location		    [91, 199, 1343, 640]
    Open		    on
    ModelBrowserVisibility  off
    ModelBrowserWidth	    200
    ScreenColor		    "white"
    PaperOrientation	    "landscape"
    PaperPositionMode	    "auto"
    PaperType		    "usletter"
    PaperUnits		    "inches"
    TiledPaperMargins	    [0.500000, 0.500000, 0.500000, 0.500000]
    TiledPageScale	    1
    ShowPageBoundaries	    off
    ZoomFactor		    "100"
    ReportName		    "simulink-default.rpt"
    SIDHighWatermark	    "57"
    Block {
      BlockType		      Constant
      Name		      "Constant1"
      SID		      "6"
      Position		      [860, 159, 910, 191]
      Value		      "47.771"
    }
    Block {
      BlockType		      Gain
      Name		      "Gain"
      SID		      "4"
      Position		      [810, 104, 885, 136]
      Gain		      "1.163"
      ParamDataTypeStr	      "Inherit: Inherit via internal rule"
      OutDataTypeStr	      "Inherit: Inherit via internal rule"
      SaturateOnIntegerOverflow	off
    }
    Block {
      BlockType		      Gain
      Name		      "Gain1"
      SID		      "8"
      Position		      [765, 214, 845, 246]
      BlockMirror	      on
      Gain		      "1.337"
      ParamDataTypeStr	      "Inherit: Inherit via internal rule"
      OutDataTypeStr	      "Inherit: Inherit via internal rule"
      SaturateOnIntegerOverflow	off
    }
    Block {
      BlockType		      Gain
      Name		      "Gain2"
      SID		      "28"
      Position		      [535, 189, 615, 221]
      BlockMirror	      on
      Gain		      "0.5"
      ParamDataTypeStr	      "Inherit: Inherit via internal rule"
      OutDataTypeStr	      "Inherit: Inherit via internal rule"
      SaturateOnIntegerOverflow	off
    }
    Block {
      BlockType		      Gain
      Name		      "Gain3"
      SID		      "33"
      Position		      [555, 264, 635, 296]
      BlockMirror	      on
      Gain		      "0.027"
      ParamDataTypeStr	      "Inherit: Inherit via internal rule"
      OutDataTypeStr	      "Inherit: Inherit via internal rule"
      SaturateOnIntegerOverflow	off
    }
    Block {
      BlockType		      Gain
      Name		      "Gain4"
      SID		      "36"
      Position		      [450, 329, 530, 361]
      BlockMirror	      on
      Gain		      "0.028"
      ParamDataTypeStr	      "Inherit: Inherit via internal rule"
      OutDataTypeStr	      "Inherit: Inherit via internal rule"
      SaturateOnIntegerOverflow	off
    }
    Block {
      BlockType		      Gain
      Name		      "Gain5"
      SID		      "47"
      Position		      [155, 103, 215, 137]
      Gain		      "0.028"
      ParamDataTypeStr	      "Inherit: Inherit via internal rule"
      OutDataTypeStr	      "Inherit: Inherit via internal rule"
      SaturateOnIntegerOverflow	off
    }
    Block {
      BlockType		      Integrator
      Name		      "Integrator"
      SID		      "10"
      Ports		      [1, 1]
      Position		      [1070, 105, 1100, 135]
    }
    Block {
      BlockType		      Mux
      Name		      "Mux"
      SID		      "49"
      Ports		      [2, 1]
      Position		      [1155, 101, 1160, 139]
      ShowName		      off
      Inputs		      "2"
      DisplayOption	      "bar"
    }
    Block {
      BlockType		      Reference
      Name		      "PID Controller1"
      SID		      "56"
      Ports		      [1, 1]
      Position		      [460, 27, 500, 63]
      LibraryVersion	      "1.236"
      SourceBlock	      "simulink/Continuous/PID Controller"
      SourceType	      "PID 1dof"
      ShowPortLabels	      "FromPortIcon"
      SystemSampleTime	      "-1"
      FunctionWithSeparateData off
      RTWMemSecFuncInitTerm   "Inherit from model"
      RTWMemSecFuncExecute    "Inherit from model"
      RTWMemSecDataConstants  "Inherit from model"
      RTWMemSecDataInternal   "Inherit from model"
      RTWMemSecDataParameters "Inherit from model"
      GeneratePreprocessorConditionals off
      Controller	      "PI"
      TimeDomain	      "Continuous-time"
      SampleTime	      "1"
      IntegratorMethod	      "Forward Euler"
      FilterMethod	      "Forward Euler"
      Form		      "Parallel"
      P			      "11.8699085695495"
      I			      "5.66722870687942"
      D			      "0"
      N			      "100"
      InitialConditionSource  "internal"
      InitialConditionForIntegrator "0"
      InitialConditionForFilter	"0"
      ExternalReset	      "none"
      IgnoreLimit	      off
      ZeroCross		      on
      LimitOutput	      off
      UpperSaturationLimit    "inf"
      LowerSaturationLimit    "-inf"
      LinearizeAsGain	      off
      AntiWindupMode	      "none"
      Kb		      "1"
      TrackingMode	      off
      Kt		      "1"
      RndMeth		      "Floor"
      SaturateOnIntegerOverflow	off
      LockScale		      off
      PParamMin		      "[]"
      PParamMax		      "[]"
      PParamDataTypeStr	      "Inherit: Inherit via internal rule"
      IParamMin		      "[]"
      IParamMax		      "[]"
      IParamDataTypeStr	      "Inherit: Inherit via internal rule"
      DParamMin		      "[]"
      DParamMax		      "[]"
      DParamDataTypeStr	      "Inherit: Inherit via internal rule"
      NParamMin		      "[]"
      NParamMax		      "[]"
      NParamDataTypeStr	      "Inherit: Inherit via internal rule"
      KbParamMin	      "[]"
      KbParamMax	      "[]"
      KbParamDataTypeStr      "Inherit: Inherit via internal rule"
      KtParamMin	      "[]"
      KtParamMax	      "[]"
      KtParamDataTypeStr      "Inherit: Inherit via internal rule"
      POutMin		      "[]"
      POutMax		      "[]"
      POutDataTypeStr	      "Inherit: Inherit via internal rule"
      IOutMin		      "[]"
      IOutMax		      "[]"
      IOutDataTypeStr	      "Inherit: Inherit via internal rule"
      DOutMin		      "[]"
      DOutMax		      "[]"
      DOutDataTypeStr	      "Inherit: Inherit via internal rule"
      NOutMin		      "[]"
      NOutMax		      "[]"
      NOutDataTypeStr	      "Inherit: Inherit via internal rule"
      KbOutMin		      "[]"
      KbOutMax		      "[]"
      KbOutDataTypeStr	      "Inherit: Inherit via internal rule"
      KtOutMin		      "[]"
      KtOutMax		      "[]"
      KtOutDataTypeStr	      "Inherit: Inherit via internal rule"
      IntegratorOutMin	      "[]"
      IntegratorOutMax	      "[]"
      IntegratorOutDataTypeStr "Inherit: Inherit via internal rule"
      FilterOutMin	      "[]"
      FilterOutMax	      "[]"
      FilterOutDataTypeStr    "Inherit: Inherit via internal rule"
      SumOutMin		      "[]"
      SumOutMax		      "[]"
      SumOutDataTypeStr	      "Inherit: Inherit via internal rule"
      SumI1OutMin	      "[]"
      SumI1OutMax	      "[]"
      SumI1OutDataTypeStr     "Inherit: Inherit via internal rule"
      SumI2OutMin	      "[]"
      SumI2OutMax	      "[]"
      SumI2OutDataTypeStr     "Inherit: Inherit via internal rule"
      SumI3OutMin	      "[]"
      SumI3OutMax	      "[]"
      SumI3OutDataTypeStr     "Inherit: Inherit via internal rule"
      SumDOutMin	      "[]"
      SumDOutMax	      "[]"
      SumDOutDataTypeStr      "Inherit: Inherit via internal rule"
      SumAccumDataTypeStr     "Inherit: Inherit via internal rule"
      SumI1AccumDataTypeStr   "Inherit: Inherit via internal rule"
      SumI2AccumDataTypeStr   "Inherit: Inherit via internal rule"
      SumI3AccumDataTypeStr   "Inherit: Inherit via internal rule"
      SumDAccumDataTypeStr    "Inherit: Inherit via internal rule"
      SaturationOutMin	      "[]"
      SaturationOutMax	      "[]"
      SaturationOutDataTypeStr "Inherit: Same as input"
      IntegratorContinuousStateAttributes "''"
      IntegratorStateMustResolveToSignalObject off
      IntegratorRTWStateStorageClass "Auto"
      FilterContinuousStateAttributes "''"
      FilterStateMustResolveToSignalObject off
      FilterRTWStateStorageClass "Auto"
    }
    Block {
      BlockType		      Reference
      Name		      "PID Controller2"
      SID		      "54"
      Ports		      [1, 1]
      Position		      [295, 62, 335, 98]
      LibraryVersion	      "1.236"
      SourceBlock	      "simulink/Continuous/PID Controller"
      SourceType	      "PID 1dof"
      ShowPortLabels	      "FromPortIcon"
      SystemSampleTime	      "-1"
      FunctionWithSeparateData off
      RTWMemSecFuncInitTerm   "Inherit from model"
      RTWMemSecFuncExecute    "Inherit from model"
      RTWMemSecDataConstants  "Inherit from model"
      RTWMemSecDataInternal   "Inherit from model"
      RTWMemSecDataParameters "Inherit from model"
      GeneratePreprocessorConditionals off
      Controller	      "P"
      TimeDomain	      "Continuous-time"
      SampleTime	      "1"
      IntegratorMethod	      "Forward Euler"
      FilterMethod	      "Forward Euler"
      Form		      "Parallel"
      P			      "0.0101470628666139"
      I			      "0.605697385934091"
      D			      "0"
      N			      "100"
      InitialConditionSource  "internal"
      InitialConditionForIntegrator "0"
      InitialConditionForFilter	"0"
      ExternalReset	      "none"
      IgnoreLimit	      off
      ZeroCross		      on
      LimitOutput	      off
      UpperSaturationLimit    "inf"
      LowerSaturationLimit    "-inf"
      LinearizeAsGain	      off
      AntiWindupMode	      "none"
      Kb		      "1"
      TrackingMode	      off
      Kt		      "1"
      RndMeth		      "Floor"
      SaturateOnIntegerOverflow	off
      LockScale		      off
      PParamMin		      "[]"
      PParamMax		      "[]"
      PParamDataTypeStr	      "Inherit: Inherit via internal rule"
      IParamMin		      "[]"
      IParamMax		      "[]"
      IParamDataTypeStr	      "Inherit: Inherit via internal rule"
      DParamMin		      "[]"
      DParamMax		      "[]"
      DParamDataTypeStr	      "Inherit: Inherit via internal rule"
      NParamMin		      "[]"
      NParamMax		      "[]"
      NParamDataTypeStr	      "Inherit: Inherit via internal rule"
      KbParamMin	      "[]"
      KbParamMax	      "[]"
      KbParamDataTypeStr      "Inherit: Inherit via internal rule"
      KtParamMin	      "[]"
      KtParamMax	      "[]"
      KtParamDataTypeStr      "Inherit: Inherit via internal rule"
      POutMin		      "[]"
      POutMax		      "[]"
      POutDataTypeStr	      "Inherit: Inherit via internal rule"
      IOutMin		      "[]"
      IOutMax		      "[]"
      IOutDataTypeStr	      "Inherit: Inherit via internal rule"
      DOutMin		      "[]"
      DOutMax		      "[]"
      DOutDataTypeStr	      "Inherit: Inherit via internal rule"
      NOutMin		      "[]"
      NOutMax		      "[]"
      NOutDataTypeStr	      "Inherit: Inherit via internal rule"
      KbOutMin		      "[]"
      KbOutMax		      "[]"
      KbOutDataTypeStr	      "Inherit: Inherit via internal rule"
      KtOutMin		      "[]"
      KtOutMax		      "[]"
      KtOutDataTypeStr	      "Inherit: Inherit via internal rule"
      IntegratorOutMin	      "[]"
      IntegratorOutMax	      "[]"
      IntegratorOutDataTypeStr "Inherit: Inherit via internal rule"
      FilterOutMin	      "[]"
      FilterOutMax	      "[]"
      FilterOutDataTypeStr    "Inherit: Inherit via internal rule"
      SumOutMin		      "[]"
      SumOutMax		      "[]"
      SumOutDataTypeStr	      "Inherit: Inherit via internal rule"
      SumI1OutMin	      "[]"
      SumI1OutMax	      "[]"
      SumI1OutDataTypeStr     "Inherit: Inherit via internal rule"
      SumI2OutMin	      "[]"
      SumI2OutMax	      "[]"
      SumI2OutDataTypeStr     "Inherit: Inherit via internal rule"
      SumI3OutMin	      "[]"
      SumI3OutMax	      "[]"
      SumI3OutDataTypeStr     "Inherit: Inherit via internal rule"
      SumDOutMin	      "[]"
      SumDOutMax	      "[]"
      SumDOutDataTypeStr      "Inherit: Inherit via internal rule"
      SumAccumDataTypeStr     "Inherit: Inherit via internal rule"
      SumI1AccumDataTypeStr   "Inherit: Inherit via internal rule"
      SumI2AccumDataTypeStr   "Inherit: Inherit via internal rule"
      SumI3AccumDataTypeStr   "Inherit: Inherit via internal rule"
      SumDAccumDataTypeStr    "Inherit: Inherit via internal rule"
      SaturationOutMin	      "[]"
      SaturationOutMax	      "[]"
      SaturationOutDataTypeStr "Inherit: Same as input"
      IntegratorContinuousStateAttributes "''"
      IntegratorStateMustResolveToSignalObject off
      IntegratorRTWStateStorageClass "Auto"
      FilterContinuousStateAttributes "''"
      FilterStateMustResolveToSignalObject off
      FilterRTWStateStorageClass "Auto"
    }
    Block {
      BlockType		      Reference
      Name		      "PID Controller3"
      SID		      "57"
      Ports		      [1, 1]
      Position		      [595, 17, 635, 53]
      LibraryVersion	      "1.236"
      SourceBlock	      "simulink/Continuous/PID Controller"
      SourceType	      "PID 1dof"
      ShowPortLabels	      "FromPortIcon"
      SystemSampleTime	      "-1"
      FunctionWithSeparateData off
      RTWMemSecFuncInitTerm   "Inherit from model"
      RTWMemSecFuncExecute    "Inherit from model"
      RTWMemSecDataConstants  "Inherit from model"
      RTWMemSecDataInternal   "Inherit from model"
      RTWMemSecDataParameters "Inherit from model"
      GeneratePreprocessorConditionals off
      Controller	      "PI"
      TimeDomain	      "Continuous-time"
      SampleTime	      "1"
      IntegratorMethod	      "Forward Euler"
      FilterMethod	      "Forward Euler"
      Form		      "Parallel"
      P			      "-0.0074185113942667"
      I			      "-0.00250102941033004"
      D			      "0"
      N			      "100"
      InitialConditionSource  "internal"
      InitialConditionForIntegrator "0"
      InitialConditionForFilter	"0"
      ExternalReset	      "none"
      IgnoreLimit	      off
      ZeroCross		      on
      LimitOutput	      off
      UpperSaturationLimit    "inf"
      LowerSaturationLimit    "-inf"
      LinearizeAsGain	      off
      AntiWindupMode	      "none"
      Kb		      "1"
      TrackingMode	      off
      Kt		      "1"
      RndMeth		      "Floor"
      SaturateOnIntegerOverflow	off
      LockScale		      off
      PParamMin		      "[]"
      PParamMax		      "[]"
      PParamDataTypeStr	      "Inherit: Inherit via internal rule"
      IParamMin		      "[]"
      IParamMax		      "[]"
      IParamDataTypeStr	      "Inherit: Inherit via internal rule"
      DParamMin		      "[]"
      DParamMax		      "[]"
      DParamDataTypeStr	      "Inherit: Inherit via internal rule"
      NParamMin		      "[]"
      NParamMax		      "[]"
      NParamDataTypeStr	      "Inherit: Inherit via internal rule"
      KbParamMin	      "[]"
      KbParamMax	      "[]"
      KbParamDataTypeStr      "Inherit: Inherit via internal rule"
      KtParamMin	      "[]"
      KtParamMax	      "[]"
      KtParamDataTypeStr      "Inherit: Inherit via internal rule"
      POutMin		      "[]"
      POutMax		      "[]"
      POutDataTypeStr	      "Inherit: Inherit via internal rule"
      IOutMin		      "[]"
      IOutMax		      "[]"
      IOutDataTypeStr	      "Inherit: Inherit via internal rule"
      DOutMin		      "[]"
      DOutMax		      "[]"
      DOutDataTypeStr	      "Inherit: Inherit via internal rule"
      NOutMin		      "[]"
      NOutMax		      "[]"
      NOutDataTypeStr	      "Inherit: Inherit via internal rule"
      KbOutMin		      "[]"
      KbOutMax		      "[]"
      KbOutDataTypeStr	      "Inherit: Inherit via internal rule"
      KtOutMin		      "[]"
      KtOutMax		      "[]"
      KtOutDataTypeStr	      "Inherit: Inherit via internal rule"
      IntegratorOutMin	      "[]"
      IntegratorOutMax	      "[]"
      IntegratorOutDataTypeStr "Inherit: Inherit via internal rule"
      FilterOutMin	      "[]"
      FilterOutMax	      "[]"
      FilterOutDataTypeStr    "Inherit: Inherit via internal rule"
      SumOutMin		      "[]"
      SumOutMax		      "[]"
      SumOutDataTypeStr	      "Inherit: Inherit via internal rule"
      SumI1OutMin	      "[]"
      SumI1OutMax	      "[]"
      SumI1OutDataTypeStr     "Inherit: Inherit via internal rule"
      SumI2OutMin	      "[]"
      SumI2OutMax	      "[]"
      SumI2OutDataTypeStr     "Inherit: Inherit via internal rule"
      SumI3OutMin	      "[]"
      SumI3OutMax	      "[]"
      SumI3OutDataTypeStr     "Inherit: Inherit via internal rule"
      SumDOutMin	      "[]"
      SumDOutMax	      "[]"
      SumDOutDataTypeStr      "Inherit: Inherit via internal rule"
      SumAccumDataTypeStr     "Inherit: Inherit via internal rule"
      SumI1AccumDataTypeStr   "Inherit: Inherit via internal rule"
      SumI2AccumDataTypeStr   "Inherit: Inherit via internal rule"
      SumI3AccumDataTypeStr   "Inherit: Inherit via internal rule"
      SumDAccumDataTypeStr    "Inherit: Inherit via internal rule"
      SaturationOutMin	      "[]"
      SaturationOutMax	      "[]"
      SaturationOutDataTypeStr "Inherit: Same as input"
      IntegratorContinuousStateAttributes "''"
      IntegratorStateMustResolveToSignalObject off
      IntegratorRTWStateStorageClass "Auto"
      FilterContinuousStateAttributes "''"
      FilterStateMustResolveToSignalObject off
      FilterRTWStateStorageClass "Auto"
    }
    Block {
      BlockType		      Scope
      Name		      "Scope"
      SID		      "9"
      Ports		      [1]
      Position		      [1190, 104, 1220, 136]
      Floating		      off
      Location		      [392, 263, 959, 607]
      Open		      off
      NumInputPorts	      "1"
      List {
	ListType		AxesTitles
	axes1			"%<SignalLabel>"
      }
      YMin		      "0"
      YMax		      "37.5"
      SaveToWorkspace	      on
      DataFormat	      "StructureWithTime"
      LimitDataPoints	      off
      SampleTime	      "0"
    }
    Block {
      BlockType		      Scope
      Name		      "Scope1"
      SID		      "26"
      Ports		      [1]
      Position		      [1060, 24, 1090, 56]
      Floating		      off
      Location		      [209, 278, 776, 622]
      Open		      off
      NumInputPorts	      "1"
      List {
	ListType		AxesTitles
	axes1			"%<SignalLabel>"
      }
      SaveToWorkspace	      on
      SaveName		      "ScopeData1"
      DataFormat	      "StructureWithTime"
      LimitDataPoints	      off
      SampleTime	      "0"
    }
    Block {
      BlockType		      Scope
      Name		      "Scope2"
      SID		      "27"
      Ports		      [1]
      Position		      [830, 54, 860, 86]
      Floating		      off
      Location		      [363, 256, 930, 600]
      Open		      off
      NumInputPorts	      "1"
      List {
	ListType		AxesTitles
	axes1			"%<SignalLabel>"
      }
      SaveToWorkspace	      on
      SaveName		      "ScopeData2"
      DataFormat	      "StructureWithTime"
      LimitDataPoints	      off
      SampleTime	      "0"
    }
    Block {
      BlockType		      Step
      Name		      "Step"
      SID		      "51"
      Position		      [65, 105, 95, 135]
      Time		      "0"
      SampleTime	      "0"
    }
    Block {
      BlockType		      Step
      Name		      "Step1"
      SID		      "52"
      Position		      [505, 105, 535, 135]
      Time		      "0"
      SampleTime	      "0"
    }
    Block {
      BlockType		      Sum
      Name		      "Sum1"
      SID		      "5"
      Ports		      [2, 1]
      Position		      [910, 110, 930, 130]
      ShowName		      off
      IconShape		      "round"
      Inputs		      "|+-"
      InputSameDT	      off
      OutDataTypeStr	      "Inherit: Inherit via internal rule"
      SaturateOnIntegerOverflow	off
    }
    Block {
      BlockType		      Sum
      Name		      "Sum2"
      SID		      "15"
      Ports		      [2, 1]
      Position		      [470, 110, 490, 130]
      ShowName		      off
      IconShape		      "round"
      Inputs		      "|+-"
      InputSameDT	      off
      OutDataTypeStr	      "Inherit: Inherit via internal rule"
      SaturateOnIntegerOverflow	off
    }
    Block {
      BlockType		      Sum
      Name		      "Sum3"
      SID		      "31"
      Ports		      [2, 1]
      Position		      [355, 110, 375, 130]
      ShowName		      off
      IconShape		      "round"
      Inputs		      "|+-"
      InputSameDT	      off
      OutDataTypeStr	      "Inherit: Inherit via internal rule"
      SaturateOnIntegerOverflow	off
    }
    Block {
      BlockType		      Sum
      Name		      "Sum4"
      SID		      "34"
      Ports		      [2, 1]
      Position		      [240, 110, 260, 130]
      ShowName		      off
      IconShape		      "round"
      Inputs		      "|+-"
      InputSameDT	      off
      OutDataTypeStr	      "Inherit: Inherit via internal rule"
      SaturateOnIntegerOverflow	off
    }
    Block {
      BlockType		      Sum
      Name		      "Sum5"
      SID		      "42"
      Ports		      [2, 1]
      Position		      [670, 110, 690, 130]
      ShowName		      off
      IconShape		      "round"
      Inputs		      "|+-"
      InputSameDT	      off
      OutDataTypeStr	      "Inherit: Inherit via internal rule"
      SaturateOnIntegerOverflow	off
    }
    Block {
      BlockType		      TransferFcn
      Name		      "Transfer Fcn"
      SID		      "1"
      Position		      [710, 102, 770, 138]
      Numerator		      "[2.959]"
      Denominator	      "[0.0015 1]"
    }
    Block {
      BlockType		      TransferFcn
      Name		      "Transfer Fcn1"
      SID		      "7"
      Position		      [955, 102, 1015, 138]
      Denominator	      "[0.515 0]"
    }
    Block {
      BlockType		      TransferFcn
      Name		      "Transfer Fcn2"
      SID		      "11"
      Position		      [585, 102, 645, 138]
      Numerator		      "[100]"
      Denominator	      "[0.006 1]"
    }
    Line {
      Labels		      [1, 0]
      SrcBlock		      "Transfer Fcn"
      SrcPort		      1
      Points		      [20, 0]
      Branch {
	Points			[0, -50]
	DstBlock		"Scope2"
	DstPort			1
      }
      Branch {
	Points			[0, 85]
	DstBlock		"Gain2"
	DstPort			1
      }
      Branch {
	DstBlock		"Gain"
	DstPort			1
      }
    }
    Line {
      SrcBlock		      "Gain2"
      SrcPort		      1
      Points		      [-50, 0]
      DstBlock		      "Sum2"
      DstPort		      2
    }
    Line {
      SrcBlock		      "Gain"
      SrcPort		      1
      DstBlock		      "Sum1"
      DstPort		      1
    }
    Line {
      SrcBlock		      "Sum1"
      SrcPort		      1
      DstBlock		      "Transfer Fcn1"
      DstPort		      1
    }
    Line {
      SrcBlock		      "Transfer Fcn1"
      SrcPort		      1
      Points		      [10, 0]
      Branch {
	DstBlock		"Integrator"
	DstPort			1
      }
      Branch {
	Points			[0, -80]
	DstBlock		"Scope1"
	DstPort			1
      }
      Branch {
	Points			[0, 110]
	DstBlock		"Gain1"
	DstPort			1
      }
      Branch {
	Points			[0, 160]
	DstBlock		"Gain3"
	DstPort			1
      }
    }
    Line {
      SrcBlock		      "Gain3"
      SrcPort		      1
      Points		      [-185, 0]
      DstBlock		      "Sum3"
      DstPort		      2
    }
    Line {
      SrcBlock		      "Transfer Fcn2"
      SrcPort		      1
      DstBlock		      "Sum5"
      DstPort		      1
    }
    Line {
      SrcBlock		      "Sum5"
      SrcPort		      1
      DstBlock		      "Transfer Fcn"
      DstPort		      1
    }
    Line {
      SrcBlock		      "Gain1"
      SrcPort		      1
      Points		      [-80, 0]
      DstBlock		      "Sum5"
      DstPort		      2
    }
    Line {
      SrcBlock		      "Integrator"
      SrcPort		      1
      Points		      [15, 0]
      Branch {
	Points			[0, 225]
	DstBlock		"Gain4"
	DstPort			1
      }
      Branch {
	Points			[0, -10]
	DstBlock		"Mux"
	DstPort			1
      }
    }
    Line {
      SrcBlock		      "Sum4"
      SrcPort		      1
      DstBlock		      "Sum3"
      DstPort		      1
    }
    Line {
      SrcBlock		      "Gain5"
      SrcPort		      1
      DstBlock		      "Sum4"
      DstPort		      1
    }
    Line {
      SrcBlock		      "Gain4"
      SrcPort		      1
      Points		      [-195, 0]
      DstBlock		      "Sum4"
      DstPort		      2
    }
    Line {
      SrcBlock		      "Mux"
      SrcPort		      1
      DstBlock		      "Scope"
      DstPort		      1
    }
    Line {
      SrcBlock		      "Step"
      SrcPort		      1
      Points		      [25, 0]
      Branch {
	DstBlock		"Gain5"
	DstPort			1
      }
      Branch {
	Points			[0, 270; 1015, 0]
	DstBlock		"Mux"
	DstPort			2
      }
    }
    Line {
      SrcBlock		      "Constant1"
      SrcPort		      1
      Points		      [5, 0]
      DstBlock		      "Sum1"
      DstPort		      2
    }
    Line {
      SrcBlock		      "Sum3"
      SrcPort		      1
      DstBlock		      "Sum2"
      DstPort		      1
    }
    Line {
      SrcBlock		      "Step1"
      SrcPort		      1
      DstBlock		      "Transfer Fcn2"
      DstPort		      1
    }
  }
}
